###############################################################################
#
# IAR ANSI C/C++ Compiler V7.50.2.10312/W32 for ARM       12/Sep/2016  16:26:15
# Copyright 1999-2015 IAR Systems AB.
#
#    Cpu mode     =  thumb
#    Endian       =  little
#    Source file  =  
#        C:\ilya\vendicont\arm-periphery\library\STM32F10x_StdPeriph_Driver\src\stm32f10x_gpio.c
#    Command line =  
#        C:\ilya\vendicont\arm-periphery\library\STM32F10x_StdPeriph_Driver\src\stm32f10x_gpio.c
#        -D STM32F10X_HD -D USE_STDPERIPH_DRIVER -D NDEBUG -D _FLASH_PROG -lCN
#        C:\ilya\vendicont\arm-periphery\build\iar\Output\Release\List
#        --remarks -o
#        C:\ilya\vendicont\arm-periphery\build\iar\Output\Release\Obj
#        --endian=little --cpu=Cortex-M3 -e --fpu=None --dlib_config
#        "C:\Program Files (x86)\IAR Systems\Embedded Workbench
#        7.3\arm\INC\c\DLib_Config_Normal.h" -I
#        C:\ilya\vendicont\arm-periphery\build\iar\..\..\ -I
#        C:\ilya\vendicont\arm-periphery\build\iar\..\..\library\CMSIS\Include\
#        -I
#        C:\ilya\vendicont\arm-periphery\build\iar\..\..\library\STM32F10x_StdPeriph_Driver\inc\
#        -I C:\ilya\vendicont\arm-periphery\build\iar\..\..\rtos\embos\iar\inc\
#        -I C:\ilya\vendicont\arm-periphery\build\iar\..\..\Inc\ -I
#        C:\ilya\vendicont\arm-periphery\build\iar\..\..\Application\p-types\
#        -Ohs --use_c++_inline --require_prototypes
#    List file    =  
#        C:\ilya\vendicont\arm-periphery\build\iar\Output\Release\List\stm32f10x_gpio.lst
#    Object file  =  
#        C:\ilya\vendicont\arm-periphery\build\iar\Output\Release\Obj\stm32f10x_gpio.o
#
###############################################################################

C:\ilya\vendicont\arm-periphery\library\STM32F10x_StdPeriph_Driver\src\stm32f10x_gpio.c
      1          /**
      2            ******************************************************************************
      3            * @file    stm32f10x_gpio.c
      4            * @author  MCD Application Team
      5            * @version V3.5.0
      6            * @date    11-March-2011
      7            * @brief   This file provides all the GPIO firmware functions.
      8            ******************************************************************************
      9            * @attention
     10            *
     11            * THE PRESENT FIRMWARE WHICH IS FOR GUIDANCE ONLY AIMS AT PROVIDING CUSTOMERS
     12            * WITH CODING INFORMATION REGARDING THEIR PRODUCTS IN ORDER FOR THEM TO SAVE
     13            * TIME. AS A RESULT, STMICROELECTRONICS SHALL NOT BE HELD LIABLE FOR ANY
     14            * DIRECT, INDIRECT OR CONSEQUENTIAL DAMAGES WITH RESPECT TO ANY CLAIMS ARISING
     15            * FROM THE CONTENT OF SUCH FIRMWARE AND/OR THE USE MADE BY CUSTOMERS OF THE
     16            * CODING INFORMATION CONTAINED HEREIN IN CONNECTION WITH THEIR PRODUCTS.
     17            *
     18            * <h2><center>&copy; COPYRIGHT 2011 STMicroelectronics</center></h2>
     19            ******************************************************************************
     20            */
     21          
     22          /* Includes ------------------------------------------------------------------*/
     23          #include "stm32f10x_gpio.h"
     24          #include "stm32f10x_rcc.h"
     25          
     26          /** @addtogroup STM32F10x_StdPeriph_Driver
     27            * @{
     28            */
     29          
     30          /** @defgroup GPIO 
     31            * @brief GPIO driver modules
     32            * @{
     33            */ 
     34          
     35          /** @defgroup GPIO_Private_TypesDefinitions
     36            * @{
     37            */
     38          
     39          /**
     40            * @}
     41            */
     42          
     43          /** @defgroup GPIO_Private_Defines
     44            * @{
     45            */
     46          
     47          /* ------------ RCC registers bit address in the alias region ----------------*/
     48          #define AFIO_OFFSET                 (AFIO_BASE - PERIPH_BASE)
     49          
     50          /* --- EVENTCR Register -----*/
     51          
     52          /* Alias word address of EVOE bit */
     53          #define EVCR_OFFSET                 (AFIO_OFFSET + 0x00)
     54          #define EVOE_BitNumber              ((uint8_t)0x07)
     55          #define EVCR_EVOE_BB                (PERIPH_BB_BASE + (EVCR_OFFSET * 32) + (EVOE_BitNumber * 4))
     56          
     57          
     58          /* ---  MAPR Register ---*/ 
     59          /* Alias word address of MII_RMII_SEL bit */ 
     60          #define MAPR_OFFSET                 (AFIO_OFFSET + 0x04) 
     61          #define MII_RMII_SEL_BitNumber      ((u8)0x17) 
     62          #define MAPR_MII_RMII_SEL_BB        (PERIPH_BB_BASE + (MAPR_OFFSET * 32) + (MII_RMII_SEL_BitNumber * 4))
     63          
     64          
     65          #define EVCR_PORTPINCONFIG_MASK     ((uint16_t)0xFF80)
     66          #define LSB_MASK                    ((uint16_t)0xFFFF)
     67          #define DBGAFR_POSITION_MASK        ((uint32_t)0x000F0000)
     68          #define DBGAFR_SWJCFG_MASK          ((uint32_t)0xF0FFFFFF)
     69          #define DBGAFR_LOCATION_MASK        ((uint32_t)0x00200000)
     70          #define DBGAFR_NUMBITS_MASK         ((uint32_t)0x00100000)
     71          /**
     72            * @}
     73            */
     74          
     75          /** @defgroup GPIO_Private_Macros
     76            * @{
     77            */
     78          
     79          /**
     80            * @}
     81            */
     82          
     83          /** @defgroup GPIO_Private_Variables
     84            * @{
     85            */
     86          
     87          /**
     88            * @}
     89            */
     90          
     91          /** @defgroup GPIO_Private_FunctionPrototypes
     92            * @{
     93            */
     94          
     95          /**
     96            * @}
     97            */
     98          
     99          /** @defgroup GPIO_Private_Functions
    100            * @{
    101            */
    102          
    103          /**
    104            * @brief  Deinitializes the GPIOx peripheral registers to their default reset values.
    105            * @param  GPIOx: where x can be (A..G) to select the GPIO peripheral.
    106            * @retval None
    107            */

   \                                 In section .text, align 2, keep-with-next
    108          void GPIO_DeInit(GPIO_TypeDef* GPIOx)
    109          {
   \                     GPIO_DeInit: (+1)
   \   00000000   0xB500             PUSH     {LR}
    110            /* Check the parameters */
    111            assert_param(IS_GPIO_ALL_PERIPH(GPIOx));
    112            
    113            if (GPIOx == GPIOA)
   \   00000002   0x....             LDR.N    R1,??DataTable5  ;; 0x40010800
   \   00000004   0x4288             CMP      R0,R1
   \   00000006   0xB081             SUB      SP,SP,#+4
   \   00000008   0xD106             BNE.N    ??GPIO_DeInit_0
    114            {
    115              RCC_APB2PeriphResetCmd(RCC_APB2Periph_GPIOA, ENABLE);
   \   0000000A   0x2101             MOVS     R1,#+1
   \   0000000C   0x2004             MOVS     R0,#+4
   \   0000000E   0x.... 0x....      BL       RCC_APB2PeriphResetCmd
    116              RCC_APB2PeriphResetCmd(RCC_APB2Periph_GPIOA, DISABLE);
   \   00000012   0x2100             MOVS     R1,#+0
   \   00000014   0x2004             MOVS     R0,#+4
   \   00000016   0xE03C             B.N      ??GPIO_DeInit_1
    117            }
    118            else if (GPIOx == GPIOB)
   \                     ??GPIO_DeInit_0: (+1)
   \   00000018   0x....             LDR.N    R1,??DataTable5_1  ;; 0x40010c00
   \   0000001A   0x4288             CMP      R0,R1
   \   0000001C   0xD106             BNE.N    ??GPIO_DeInit_2
    119            {
    120              RCC_APB2PeriphResetCmd(RCC_APB2Periph_GPIOB, ENABLE);
   \   0000001E   0x2101             MOVS     R1,#+1
   \   00000020   0x2008             MOVS     R0,#+8
   \   00000022   0x.... 0x....      BL       RCC_APB2PeriphResetCmd
    121              RCC_APB2PeriphResetCmd(RCC_APB2Periph_GPIOB, DISABLE);
   \   00000026   0x2100             MOVS     R1,#+0
   \   00000028   0x2008             MOVS     R0,#+8
   \   0000002A   0xE032             B.N      ??GPIO_DeInit_1
    122            }
    123            else if (GPIOx == GPIOC)
   \                     ??GPIO_DeInit_2: (+1)
   \   0000002C   0x....             LDR.N    R1,??DataTable5_2  ;; 0x40011000
   \   0000002E   0x4288             CMP      R0,R1
   \   00000030   0xD106             BNE.N    ??GPIO_DeInit_3
    124            {
    125              RCC_APB2PeriphResetCmd(RCC_APB2Periph_GPIOC, ENABLE);
   \   00000032   0x2101             MOVS     R1,#+1
   \   00000034   0x2010             MOVS     R0,#+16
   \   00000036   0x.... 0x....      BL       RCC_APB2PeriphResetCmd
    126              RCC_APB2PeriphResetCmd(RCC_APB2Periph_GPIOC, DISABLE);
   \   0000003A   0x2100             MOVS     R1,#+0
   \   0000003C   0x2010             MOVS     R0,#+16
   \   0000003E   0xE028             B.N      ??GPIO_DeInit_1
    127            }
    128            else if (GPIOx == GPIOD)
   \                     ??GPIO_DeInit_3: (+1)
   \   00000040   0x....             LDR.N    R1,??DataTable5_3  ;; 0x40011400
   \   00000042   0x4288             CMP      R0,R1
   \   00000044   0xD106             BNE.N    ??GPIO_DeInit_4
    129            {
    130              RCC_APB2PeriphResetCmd(RCC_APB2Periph_GPIOD, ENABLE);
   \   00000046   0x2101             MOVS     R1,#+1
   \   00000048   0x2020             MOVS     R0,#+32
   \   0000004A   0x.... 0x....      BL       RCC_APB2PeriphResetCmd
    131              RCC_APB2PeriphResetCmd(RCC_APB2Periph_GPIOD, DISABLE);
   \   0000004E   0x2100             MOVS     R1,#+0
   \   00000050   0x2020             MOVS     R0,#+32
   \   00000052   0xE01E             B.N      ??GPIO_DeInit_1
    132            }    
    133            else if (GPIOx == GPIOE)
   \                     ??GPIO_DeInit_4: (+1)
   \   00000054   0x....             LDR.N    R1,??DataTable5_4  ;; 0x40011800
   \   00000056   0x4288             CMP      R0,R1
   \   00000058   0xD106             BNE.N    ??GPIO_DeInit_5
    134            {
    135              RCC_APB2PeriphResetCmd(RCC_APB2Periph_GPIOE, ENABLE);
   \   0000005A   0x2101             MOVS     R1,#+1
   \   0000005C   0x2040             MOVS     R0,#+64
   \   0000005E   0x.... 0x....      BL       RCC_APB2PeriphResetCmd
    136              RCC_APB2PeriphResetCmd(RCC_APB2Periph_GPIOE, DISABLE);
   \   00000062   0x2100             MOVS     R1,#+0
   \   00000064   0x2040             MOVS     R0,#+64
   \   00000066   0xE014             B.N      ??GPIO_DeInit_1
    137            } 
    138            else if (GPIOx == GPIOF)
   \                     ??GPIO_DeInit_5: (+1)
   \   00000068   0x....             LDR.N    R1,??DataTable5_5  ;; 0x40011c00
   \   0000006A   0x4288             CMP      R0,R1
   \   0000006C   0xD106             BNE.N    ??GPIO_DeInit_6
    139            {
    140              RCC_APB2PeriphResetCmd(RCC_APB2Periph_GPIOF, ENABLE);
   \   0000006E   0x2101             MOVS     R1,#+1
   \   00000070   0x2080             MOVS     R0,#+128
   \   00000072   0x.... 0x....      BL       RCC_APB2PeriphResetCmd
    141              RCC_APB2PeriphResetCmd(RCC_APB2Periph_GPIOF, DISABLE);
   \   00000076   0x2100             MOVS     R1,#+0
   \   00000078   0x2080             MOVS     R0,#+128
   \   0000007A   0xE00A             B.N      ??GPIO_DeInit_1
    142            }
    143            else
    144            {
    145              if (GPIOx == GPIOG)
   \                     ??GPIO_DeInit_6: (+1)
   \   0000007C   0x....             LDR.N    R1,??DataTable5_6  ;; 0x40012000
   \   0000007E   0x4288             CMP      R0,R1
   \   00000080   0xD10C             BNE.N    ??GPIO_DeInit_7
    146              {
    147                RCC_APB2PeriphResetCmd(RCC_APB2Periph_GPIOG, ENABLE);
   \   00000082   0x2101             MOVS     R1,#+1
   \   00000084   0xF44F 0x7080      MOV      R0,#+256
   \   00000088   0x.... 0x....      BL       RCC_APB2PeriphResetCmd
    148                RCC_APB2PeriphResetCmd(RCC_APB2Periph_GPIOG, DISABLE);
   \   0000008C   0x2100             MOVS     R1,#+0
   \   0000008E   0xF44F 0x7080      MOV      R0,#+256
   \                     ??GPIO_DeInit_1: (+1)
   \   00000092   0xB001             ADD      SP,SP,#+4
   \   00000094   0xF85D 0xEB04      POP      {LR}
   \   00000098   0x.... 0x....      B.W      RCC_APB2PeriphResetCmd
    149              }
    150            }
    151          }
   \                     ??GPIO_DeInit_7: (+1)
   \   0000009C   0xB001             ADD      SP,SP,#+4
   \   0000009E   0xBD00             POP      {PC}             ;; return
    152          
    153          /**
    154            * @brief  Deinitializes the Alternate Functions (remap, event control
    155            *   and EXTI configuration) registers to their default reset values.
    156            * @param  None
    157            * @retval None
    158            */

   \                                 In section .text, align 2, keep-with-next
    159          void GPIO_AFIODeInit(void)
    160          {
   \                     GPIO_AFIODeInit: (+1)
   \   00000000   0xB500             PUSH     {LR}
   \   00000002   0xB081             SUB      SP,SP,#+4
    161            RCC_APB2PeriphResetCmd(RCC_APB2Periph_AFIO, ENABLE);
   \   00000004   0x2101             MOVS     R1,#+1
   \   00000006   0x2001             MOVS     R0,#+1
   \   00000008   0x.... 0x....      BL       RCC_APB2PeriphResetCmd
    162            RCC_APB2PeriphResetCmd(RCC_APB2Periph_AFIO, DISABLE);
   \   0000000C   0xB001             ADD      SP,SP,#+4
   \   0000000E   0xF85D 0xEB04      POP      {LR}
   \   00000012   0x2100             MOVS     R1,#+0
   \   00000014   0x2001             MOVS     R0,#+1
   \   00000016   0x.... 0x....      B.W      RCC_APB2PeriphResetCmd
    163          }
    164          
    165          /**
    166            * @brief  Initializes the GPIOx peripheral according to the specified
    167            *         parameters in the GPIO_InitStruct.
    168            * @param  GPIOx: where x can be (A..G) to select the GPIO peripheral.
    169            * @param  GPIO_InitStruct: pointer to a GPIO_InitTypeDef structure that
    170            *         contains the configuration information for the specified GPIO peripheral.
    171            * @retval None
    172            */

   \                                 In section .text, align 4, keep-with-next
    173          void GPIO_Init(GPIO_TypeDef* GPIOx, GPIO_InitTypeDef* GPIO_InitStruct)
    174          {
   \                     GPIO_Init: (+1)
   \   00000000   0xE92D 0x41F0      PUSH     {R4-R8,LR}
    175            uint32_t currentmode = 0x00, currentpin = 0x00, pinpos = 0x00, pos = 0x00;
    176            uint32_t tmpreg = 0x00, pinmask = 0x00;
    177            /* Check the parameters */
    178            assert_param(IS_GPIO_ALL_PERIPH(GPIOx));
    179            assert_param(IS_GPIO_MODE(GPIO_InitStruct->GPIO_Mode));
    180            assert_param(IS_GPIO_PIN(GPIO_InitStruct->GPIO_Pin));  
    181            
    182          /*---------------------------- GPIO Mode Configuration -----------------------*/
    183            currentmode = ((uint32_t)GPIO_InitStruct->GPIO_Mode) & ((uint32_t)0x0F);
   \   00000004   0x78CC             LDRB     R4,[R1, #+3]
   \   00000006   0x2200             MOVS     R2,#+0
   \   00000008   0xF004 0x030F      AND      R3,R4,#0xF
    184            if ((((uint32_t)GPIO_InitStruct->GPIO_Mode) & ((uint32_t)0x10)) != 0x00)
   \   0000000C   0x06E4             LSLS     R4,R4,#+27
   \   0000000E   0xBF44             ITT      MI 
   \   00000010   0x788C             LDRBMI   R4,[R1, #+2]
   \   00000012   0x4323             ORRMI    R3,R4,R3
    185            { 
    186              /* Check the parameters */
    187              assert_param(IS_GPIO_SPEED(GPIO_InitStruct->GPIO_Speed));
    188              /* Output mode */
    189              currentmode |= (uint32_t)GPIO_InitStruct->GPIO_Speed;
    190            }
    191          /*---------------------------- GPIO CRL Configuration ------------------------*/
    192            /* Configure the eight low port pins */
    193            if (((uint32_t)GPIO_InitStruct->GPIO_Pin & ((uint32_t)0x00FF)) != 0x00)
   \   00000014   0x880C             LDRH     R4,[R1, #+0]
   \   00000016   0xB2E5             UXTB     R5,R4
   \   00000018   0xB325             CBZ.N    R5,??GPIO_Init_0
    194            {
    195              tmpreg = GPIOx->CRL;
   \   0000001A   0xF8D0 0xC000      LDR      R12,[R0, #+0]
    196              for (pinpos = 0x00; pinpos < 0x08; pinpos++)
   \   0000001E   0x2501             MOVS     R5,#+1
   \   00000020   0xF05F 0x060F      MOVS.W   R6,#+15
    197              {
    198                pos = ((uint32_t)0x01) << pinpos;
   \                     ??GPIO_Init_1: (+1)
   \   00000024   0xFA05 0xF702      LSL      R7,R5,R2
    199                /* Get the port pins position */
    200                currentpin = (GPIO_InitStruct->GPIO_Pin) & pos;
    201                if (currentpin == pos)
   \   00000028   0xEA07 0x0804      AND      R8,R7,R4
   \   0000002C   0x45B8             CMP      R8,R7
   \   0000002E   0xD114             BNE.N    ??GPIO_Init_2
    202                {
    203                  pos = pinpos << 2;
   \   00000030   0xEA4F 0x0E82      LSL      LR,R2,#+2
    204                  /* Clear the corresponding low control register bits */
    205                  pinmask = ((uint32_t)0x0F) << pos;
    206                  tmpreg &= ~pinmask;
    207                  /* Write the mode configuration in the corresponding bits */
    208                  tmpreg |= (currentmode << pos);
   \   00000034   0xFA06 0xF80E      LSL      R8,R6,LR
   \   00000038   0xEA2C 0x0C08      BIC      R12,R12,R8
   \   0000003C   0xFA03 0xFE0E      LSL      LR,R3,LR
   \   00000040   0xEA4E 0x0C0C      ORR      R12,LR,R12
    209                  /* Reset the corresponding ODR bit */
    210                  if (GPIO_InitStruct->GPIO_Mode == GPIO_Mode_IPD)
   \   00000044   0xF891 0xE003      LDRB     LR,[R1, #+3]
   \   00000048   0xF1BE 0x0F28      CMP      LR,#+40
   \   0000004C   0xBF08             IT       EQ 
   \   0000004E   0x6147             STREQ    R7,[R0, #+20]
    211                  {
    212                    GPIOx->BRR = (((uint32_t)0x01) << pinpos);
   \   00000050   0xD003             BEQ.N    ??GPIO_Init_2
    213                  }
    214                  else
    215                  {
    216                    /* Set the corresponding ODR bit */
    217                    if (GPIO_InitStruct->GPIO_Mode == GPIO_Mode_IPU)
   \   00000052   0xF1BE 0x0F48      CMP      LR,#+72
   \   00000056   0xBF08             IT       EQ 
   \   00000058   0x6107             STREQ    R7,[R0, #+16]
    218                    {
    219                      GPIOx->BSRR = (((uint32_t)0x01) << pinpos);
    220                    }
    221                  }
    222                }
    223              }
   \                     ??GPIO_Init_2: (+1)
   \   0000005A   0x1C52             ADDS     R2,R2,#+1
   \   0000005C   0x2A08             CMP      R2,#+8
   \   0000005E   0xD3E1             BCC.N    ??GPIO_Init_1
    224              GPIOx->CRL = tmpreg;
   \   00000060   0xF8C0 0xC000      STR      R12,[R0, #+0]
    225            }
    226          /*---------------------------- GPIO CRH Configuration ------------------------*/
    227            /* Configure the eight high port pins */
    228            if (GPIO_InitStruct->GPIO_Pin > 0x00FF)
   \                     ??GPIO_Init_0: (+1)
   \   00000064   0x2CFF             CMP      R4,#+255
   \   00000066   0xDD28             BLE.N    ??GPIO_Init_3
    229            {
    230              tmpreg = GPIOx->CRH;
   \   00000068   0xF8D0 0xC004      LDR      R12,[R0, #+4]
    231              for (pinpos = 0x00; pinpos < 0x08; pinpos++)
   \   0000006C   0x2200             MOVS     R2,#+0
   \   0000006E   0x2501             MOVS     R5,#+1
   \   00000070   0xF05F 0x060F      MOVS.W   R6,#+15
    232              {
    233                pos = (((uint32_t)0x01) << (pinpos + 0x08));
   \                     ??GPIO_Init_4: (+1)
   \   00000074   0xF102 0x0708      ADD      R7,R2,#+8
   \   00000078   0xFA05 0xF707      LSL      R7,R5,R7
    234                /* Get the port pins position */
    235                currentpin = ((GPIO_InitStruct->GPIO_Pin) & pos);
    236                if (currentpin == pos)
   \   0000007C   0xEA07 0x0804      AND      R8,R7,R4
   \   00000080   0x45B8             CMP      R8,R7
   \   00000082   0xD115             BNE.N    ??GPIO_Init_5
    237                {
    238                  pos = pinpos << 2;
   \   00000084   0xEA4F 0x0E82      LSL      LR,R2,#+2
    239                  /* Clear the corresponding high control register bits */
    240                  pinmask = ((uint32_t)0x0F) << pos;
    241                  tmpreg &= ~pinmask;
    242                  /* Write the mode configuration in the corresponding bits */
    243                  tmpreg |= (currentmode << pos);
   \   00000088   0xFA06 0xF80E      LSL      R8,R6,LR
   \   0000008C   0xEA2C 0x0C08      BIC      R12,R12,R8
   \   00000090   0xFA03 0xFE0E      LSL      LR,R3,LR
   \   00000094   0xEA4E 0x0C0C      ORR      R12,LR,R12
    244                  /* Reset the corresponding ODR bit */
    245                  if (GPIO_InitStruct->GPIO_Mode == GPIO_Mode_IPD)
   \   00000098   0xF891 0xE003      LDRB     LR,[R1, #+3]
   \   0000009C   0xF1BE 0x0F28      CMP      LR,#+40
   \   000000A0   0xBF08             IT       EQ 
   \   000000A2   0x6147             STREQ    R7,[R0, #+20]
    246                  {
    247                    GPIOx->BRR = (((uint32_t)0x01) << (pinpos + 0x08));
    248                  }
    249                  /* Set the corresponding ODR bit */
    250                  if (GPIO_InitStruct->GPIO_Mode == GPIO_Mode_IPU)
   \   000000A4   0xF891 0xE003      LDRB     LR,[R1, #+3]
   \   000000A8   0xF1BE 0x0F48      CMP      LR,#+72
   \   000000AC   0xBF08             IT       EQ 
   \   000000AE   0x6107             STREQ    R7,[R0, #+16]
    251                  {
    252                    GPIOx->BSRR = (((uint32_t)0x01) << (pinpos + 0x08));
    253                  }
    254                }
    255              }
   \                     ??GPIO_Init_5: (+1)
   \   000000B0   0x1C52             ADDS     R2,R2,#+1
   \   000000B2   0x2A08             CMP      R2,#+8
   \   000000B4   0xD3DE             BCC.N    ??GPIO_Init_4
    256              GPIOx->CRH = tmpreg;
   \   000000B6   0xF8C0 0xC004      STR      R12,[R0, #+4]
    257            }
    258          }
   \                     ??GPIO_Init_3: (+1)
   \   000000BA   0xE8BD 0x81F0      POP      {R4-R8,PC}       ;; return
    259          
    260          /**
    261            * @brief  Fills each GPIO_InitStruct member with its default value.
    262            * @param  GPIO_InitStruct : pointer to a GPIO_InitTypeDef structure which will
    263            *         be initialized.
    264            * @retval None
    265            */

   \                                 In section .text, align 2, keep-with-next
    266          void GPIO_StructInit(GPIO_InitTypeDef* GPIO_InitStruct)
    267          {
    268            /* Reset GPIO init structure parameters values */
    269            GPIO_InitStruct->GPIO_Pin  = GPIO_Pin_All;
   \                     GPIO_StructInit: (+1)
   \   00000000   0xF64F 0x71FF      MOVW     R1,#+65535
   \   00000004   0x8001             STRH     R1,[R0, #+0]
    270            GPIO_InitStruct->GPIO_Speed = GPIO_Speed_2MHz;
   \   00000006   0x2102             MOVS     R1,#+2
   \   00000008   0x7081             STRB     R1,[R0, #+2]
    271            GPIO_InitStruct->GPIO_Mode = GPIO_Mode_IN_FLOATING;
   \   0000000A   0x2104             MOVS     R1,#+4
   \   0000000C   0x70C1             STRB     R1,[R0, #+3]
    272          }
   \   0000000E   0x4770             BX       LR               ;; return
    273          
    274          /**
    275            * @brief  Reads the specified input port pin.
    276            * @param  GPIOx: where x can be (A..G) to select the GPIO peripheral.
    277            * @param  GPIO_Pin:  specifies the port bit to read.
    278            *   This parameter can be GPIO_Pin_x where x can be (0..15).
    279            * @retval The input port pin value.
    280            */

   \                                 In section .text, align 2, keep-with-next
    281          uint8_t GPIO_ReadInputDataBit(GPIO_TypeDef* GPIOx, uint16_t GPIO_Pin)
    282          {
    283            uint8_t bitstatus = 0x00;
    284            
    285            /* Check the parameters */
    286            assert_param(IS_GPIO_ALL_PERIPH(GPIOx));
    287            assert_param(IS_GET_GPIO_PIN(GPIO_Pin)); 
    288            
    289            if ((GPIOx->IDR & GPIO_Pin) != (uint32_t)Bit_RESET)
   \                     GPIO_ReadInputDataBit: (+1)
   \   00000000   0x6880             LDR      R0,[R0, #+8]
   \   00000002   0x2200             MOVS     R2,#+0
   \   00000004   0x4208             TST      R0,R1
   \   00000006   0xBF18             IT       NE 
   \   00000008   0x2201             MOVNE    R2,#+1
    290            {
    291              bitstatus = (uint8_t)Bit_SET;
    292            }
    293            else
    294            {
    295              bitstatus = (uint8_t)Bit_RESET;
    296            }
    297            return bitstatus;
   \   0000000A   0x4610             MOV      R0,R2
   \   0000000C   0x4770             BX       LR               ;; return
    298          }
    299          
    300          /**
    301            * @brief  Reads the specified GPIO input data port.
    302            * @param  GPIOx: where x can be (A..G) to select the GPIO peripheral.
    303            * @retval GPIO input data port value.
    304            */

   \                                 In section .text, align 2, keep-with-next
    305          uint16_t GPIO_ReadInputData(GPIO_TypeDef* GPIOx)
    306          {
    307            /* Check the parameters */
    308            assert_param(IS_GPIO_ALL_PERIPH(GPIOx));
    309            
    310            return ((uint16_t)GPIOx->IDR);
   \                     GPIO_ReadInputData: (+1)
   \   00000000   0x6880             LDR      R0,[R0, #+8]
   \   00000002   0xB280             UXTH     R0,R0
   \   00000004   0x4770             BX       LR               ;; return
    311          }
    312          
    313          /**
    314            * @brief  Reads the specified output data port bit.
    315            * @param  GPIOx: where x can be (A..G) to select the GPIO peripheral.
    316            * @param  GPIO_Pin:  specifies the port bit to read.
    317            *   This parameter can be GPIO_Pin_x where x can be (0..15).
    318            * @retval The output port pin value.
    319            */

   \                                 In section .text, align 2, keep-with-next
    320          uint8_t GPIO_ReadOutputDataBit(GPIO_TypeDef* GPIOx, uint16_t GPIO_Pin)
    321          {
    322            uint8_t bitstatus = 0x00;
    323            /* Check the parameters */
    324            assert_param(IS_GPIO_ALL_PERIPH(GPIOx));
    325            assert_param(IS_GET_GPIO_PIN(GPIO_Pin)); 
    326            
    327            if ((GPIOx->ODR & GPIO_Pin) != (uint32_t)Bit_RESET)
   \                     GPIO_ReadOutputDataBit: (+1)
   \   00000000   0x68C0             LDR      R0,[R0, #+12]
   \   00000002   0x2200             MOVS     R2,#+0
   \   00000004   0x4208             TST      R0,R1
   \   00000006   0xBF18             IT       NE 
   \   00000008   0x2201             MOVNE    R2,#+1
    328            {
    329              bitstatus = (uint8_t)Bit_SET;
    330            }
    331            else
    332            {
    333              bitstatus = (uint8_t)Bit_RESET;
    334            }
    335            return bitstatus;
   \   0000000A   0x4610             MOV      R0,R2
   \   0000000C   0x4770             BX       LR               ;; return
    336          }
    337          
    338          /**
    339            * @brief  Reads the specified GPIO output data port.
    340            * @param  GPIOx: where x can be (A..G) to select the GPIO peripheral.
    341            * @retval GPIO output data port value.
    342            */

   \                                 In section .text, align 2, keep-with-next
    343          uint16_t GPIO_ReadOutputData(GPIO_TypeDef* GPIOx)
    344          {
    345            /* Check the parameters */
    346            assert_param(IS_GPIO_ALL_PERIPH(GPIOx));
    347              
    348            return ((uint16_t)GPIOx->ODR);
   \                     GPIO_ReadOutputData: (+1)
   \   00000000   0x68C0             LDR      R0,[R0, #+12]
   \   00000002   0xB280             UXTH     R0,R0
   \   00000004   0x4770             BX       LR               ;; return
    349          }
    350          
    351          /**
    352            * @brief  Sets the selected data port bits.
    353            * @param  GPIOx: where x can be (A..G) to select the GPIO peripheral.
    354            * @param  GPIO_Pin: specifies the port bits to be written.
    355            *   This parameter can be any combination of GPIO_Pin_x where x can be (0..15).
    356            * @retval None
    357            */

   \                                 In section .text, align 2, keep-with-next
    358          void GPIO_SetBits(GPIO_TypeDef* GPIOx, uint16_t GPIO_Pin)
    359          {
    360            /* Check the parameters */
    361            assert_param(IS_GPIO_ALL_PERIPH(GPIOx));
    362            assert_param(IS_GPIO_PIN(GPIO_Pin));
    363            
    364            GPIOx->BSRR = GPIO_Pin;
   \                     GPIO_SetBits: (+1)
   \   00000000   0x6101             STR      R1,[R0, #+16]
    365          }
   \   00000002   0x4770             BX       LR               ;; return
    366          
    367          /**
    368            * @brief  Clears the selected data port bits.
    369            * @param  GPIOx: where x can be (A..G) to select the GPIO peripheral.
    370            * @param  GPIO_Pin: specifies the port bits to be written.
    371            *   This parameter can be any combination of GPIO_Pin_x where x can be (0..15).
    372            * @retval None
    373            */

   \                                 In section .text, align 2, keep-with-next
    374          void GPIO_ResetBits(GPIO_TypeDef* GPIOx, uint16_t GPIO_Pin)
    375          {
    376            /* Check the parameters */
    377            assert_param(IS_GPIO_ALL_PERIPH(GPIOx));
    378            assert_param(IS_GPIO_PIN(GPIO_Pin));
    379            
    380            GPIOx->BRR = GPIO_Pin;
   \                     GPIO_ResetBits: (+1)
   \   00000000   0x6141             STR      R1,[R0, #+20]
    381          }
   \   00000002   0x4770             BX       LR               ;; return
    382          
    383          /**
    384            * @brief  Sets or clears the selected data port bit.
    385            * @param  GPIOx: where x can be (A..G) to select the GPIO peripheral.
    386            * @param  GPIO_Pin: specifies the port bit to be written.
    387            *   This parameter can be one of GPIO_Pin_x where x can be (0..15).
    388            * @param  BitVal: specifies the value to be written to the selected bit.
    389            *   This parameter can be one of the BitAction enum values:
    390            *     @arg Bit_RESET: to clear the port pin
    391            *     @arg Bit_SET: to set the port pin
    392            * @retval None
    393            */

   \                                 In section .text, align 2, keep-with-next
    394          void GPIO_WriteBit(GPIO_TypeDef* GPIOx, uint16_t GPIO_Pin, BitAction BitVal)
    395          {
    396            /* Check the parameters */
    397            assert_param(IS_GPIO_ALL_PERIPH(GPIOx));
    398            assert_param(IS_GET_GPIO_PIN(GPIO_Pin));
    399            assert_param(IS_GPIO_BIT_ACTION(BitVal)); 
    400            
    401            if (BitVal != Bit_RESET)
   \                     GPIO_WriteBit: (+1)
   \   00000000   0x2A00             CMP      R2,#+0
   \   00000002   0xBF14             ITE      NE 
   \   00000004   0x6101             STRNE    R1,[R0, #+16]
   \   00000006   0x6141             STREQ    R1,[R0, #+20]
    402            {
    403              GPIOx->BSRR = GPIO_Pin;
    404            }
    405            else
    406            {
    407              GPIOx->BRR = GPIO_Pin;
   \   00000008   0x4770             BX       LR
    408            }
    409          }
    410          
    411          /**
    412            * @brief  Writes data to the specified GPIO data port.
    413            * @param  GPIOx: where x can be (A..G) to select the GPIO peripheral.
    414            * @param  PortVal: specifies the value to be written to the port output data register.
    415            * @retval None
    416            */

   \                                 In section .text, align 2, keep-with-next
    417          void GPIO_Write(GPIO_TypeDef* GPIOx, uint16_t PortVal)
    418          {
    419            /* Check the parameters */
    420            assert_param(IS_GPIO_ALL_PERIPH(GPIOx));
    421            
    422            GPIOx->ODR = PortVal;
   \                     GPIO_Write: (+1)
   \   00000000   0x60C1             STR      R1,[R0, #+12]
    423          }
   \   00000002   0x4770             BX       LR               ;; return
    424          
    425          /**
    426            * @brief  Locks GPIO Pins configuration registers.
    427            * @param  GPIOx: where x can be (A..G) to select the GPIO peripheral.
    428            * @param  GPIO_Pin: specifies the port bit to be written.
    429            *   This parameter can be any combination of GPIO_Pin_x where x can be (0..15).
    430            * @retval None
    431            */

   \                                 In section .text, align 2, keep-with-next
    432          void GPIO_PinLockConfig(GPIO_TypeDef* GPIOx, uint16_t GPIO_Pin)
    433          {
    434            uint32_t tmp = 0x00010000;
    435            
    436            /* Check the parameters */
    437            assert_param(IS_GPIO_ALL_PERIPH(GPIOx));
    438            assert_param(IS_GPIO_PIN(GPIO_Pin));
    439            
    440            tmp |= GPIO_Pin;
   \                     GPIO_PinLockConfig: (+1)
   \   00000000   0xF441 0x3280      ORR      R2,R1,#0x10000
    441            /* Set LCKK bit */
    442            GPIOx->LCKR = tmp;
   \   00000004   0x6182             STR      R2,[R0, #+24]
    443            /* Reset LCKK bit */
    444            GPIOx->LCKR =  GPIO_Pin;
   \   00000006   0x6181             STR      R1,[R0, #+24]
    445            /* Set LCKK bit */
    446            GPIOx->LCKR = tmp;
   \   00000008   0x6182             STR      R2,[R0, #+24]
    447            /* Read LCKK bit*/
    448            tmp = GPIOx->LCKR;
   \   0000000A   0x6981             LDR      R1,[R0, #+24]
    449            /* Read LCKK bit*/
    450            tmp = GPIOx->LCKR;
   \   0000000C   0x6980             LDR      R0,[R0, #+24]
    451          }
   \   0000000E   0x4770             BX       LR               ;; return
    452          
    453          /**
    454            * @brief  Selects the GPIO pin used as Event output.
    455            * @param  GPIO_PortSource: selects the GPIO port to be used as source
    456            *   for Event output.
    457            *   This parameter can be GPIO_PortSourceGPIOx where x can be (A..E).
    458            * @param  GPIO_PinSource: specifies the pin for the Event output.
    459            *   This parameter can be GPIO_PinSourcex where x can be (0..15).
    460            * @retval None
    461            */

   \                                 In section .text, align 2, keep-with-next
    462          void GPIO_EventOutputConfig(uint8_t GPIO_PortSource, uint8_t GPIO_PinSource)
    463          {
    464            uint32_t tmpreg = 0x00;
    465            /* Check the parameters */
    466            assert_param(IS_GPIO_EVENTOUT_PORT_SOURCE(GPIO_PortSource));
    467            assert_param(IS_GPIO_PIN_SOURCE(GPIO_PinSource));
    468              
    469            tmpreg = AFIO->EVCR;
   \                     GPIO_EventOutputConfig: (+1)
   \   00000000   0x....             LDR.N    R2,??DataTable5_7  ;; 0x40010000
   \   00000002   0x6813             LDR      R3,[R2, #+0]
    470            /* Clear the PORT[6:4] and PIN[3:0] bits */
    471            tmpreg &= EVCR_PORTPINCONFIG_MASK;
    472            tmpreg |= (uint32_t)GPIO_PortSource << 0x04;
    473            tmpreg |= GPIO_PinSource;
    474            AFIO->EVCR = tmpreg;
   \   00000004   0xF64F 0x7C80      MOVW     R12,#+65408
   \   00000008   0xEA0C 0x0303      AND      R3,R12,R3
   \   0000000C   0xEA43 0x1000      ORR      R0,R3,R0, LSL #+4
   \   00000010   0x4308             ORRS     R0,R1,R0
   \   00000012   0x6010             STR      R0,[R2, #+0]
    475          }
   \   00000014   0x4770             BX       LR               ;; return
    476          
    477          /**
    478            * @brief  Enables or disables the Event Output.
    479            * @param  NewState: new state of the Event output.
    480            *   This parameter can be: ENABLE or DISABLE.
    481            * @retval None
    482            */

   \                                 In section .text, align 2, keep-with-next
    483          void GPIO_EventOutputCmd(FunctionalState NewState)
    484          {
    485            /* Check the parameters */
    486            assert_param(IS_FUNCTIONAL_STATE(NewState));
    487            
    488            *(__IO uint32_t *) EVCR_EVOE_BB = (uint32_t)NewState;
   \                     GPIO_EventOutputCmd: (+1)
   \   00000000   0x....             LDR.N    R1,??DataTable5_8  ;; 0x4220001c
   \   00000002   0x6008             STR      R0,[R1, #+0]
    489          }
   \   00000004   0x4770             BX       LR               ;; return
    490          
    491          /**
    492            * @brief  Changes the mapping of the specified pin.
    493            * @param  GPIO_Remap: selects the pin to remap.
    494            *   This parameter can be one of the following values:
    495            *     @arg GPIO_Remap_SPI1             : SPI1 Alternate Function mapping
    496            *     @arg GPIO_Remap_I2C1             : I2C1 Alternate Function mapping
    497            *     @arg GPIO_Remap_USART1           : USART1 Alternate Function mapping
    498            *     @arg GPIO_Remap_USART2           : USART2 Alternate Function mapping
    499            *     @arg GPIO_PartialRemap_USART3    : USART3 Partial Alternate Function mapping
    500            *     @arg GPIO_FullRemap_USART3       : USART3 Full Alternate Function mapping
    501            *     @arg GPIO_PartialRemap_TIM1      : TIM1 Partial Alternate Function mapping
    502            *     @arg GPIO_FullRemap_TIM1         : TIM1 Full Alternate Function mapping
    503            *     @arg GPIO_PartialRemap1_TIM2     : TIM2 Partial1 Alternate Function mapping
    504            *     @arg GPIO_PartialRemap2_TIM2     : TIM2 Partial2 Alternate Function mapping
    505            *     @arg GPIO_FullRemap_TIM2         : TIM2 Full Alternate Function mapping
    506            *     @arg GPIO_PartialRemap_TIM3      : TIM3 Partial Alternate Function mapping
    507            *     @arg GPIO_FullRemap_TIM3         : TIM3 Full Alternate Function mapping
    508            *     @arg GPIO_Remap_TIM4             : TIM4 Alternate Function mapping
    509            *     @arg GPIO_Remap1_CAN1            : CAN1 Alternate Function mapping
    510            *     @arg GPIO_Remap2_CAN1            : CAN1 Alternate Function mapping
    511            *     @arg GPIO_Remap_PD01             : PD01 Alternate Function mapping
    512            *     @arg GPIO_Remap_TIM5CH4_LSI      : LSI connected to TIM5 Channel4 input capture for calibration
    513            *     @arg GPIO_Remap_ADC1_ETRGINJ     : ADC1 External Trigger Injected Conversion remapping
    514            *     @arg GPIO_Remap_ADC1_ETRGREG     : ADC1 External Trigger Regular Conversion remapping
    515            *     @arg GPIO_Remap_ADC2_ETRGINJ     : ADC2 External Trigger Injected Conversion remapping
    516            *     @arg GPIO_Remap_ADC2_ETRGREG     : ADC2 External Trigger Regular Conversion remapping
    517            *     @arg GPIO_Remap_ETH              : Ethernet remapping (only for Connectivity line devices)
    518            *     @arg GPIO_Remap_CAN2             : CAN2 remapping (only for Connectivity line devices)
    519            *     @arg GPIO_Remap_SWJ_NoJTRST      : Full SWJ Enabled (JTAG-DP + SW-DP) but without JTRST
    520            *     @arg GPIO_Remap_SWJ_JTAGDisable  : JTAG-DP Disabled and SW-DP Enabled
    521            *     @arg GPIO_Remap_SWJ_Disable      : Full SWJ Disabled (JTAG-DP + SW-DP)
    522            *     @arg GPIO_Remap_SPI3             : SPI3/I2S3 Alternate Function mapping (only for Connectivity line devices)
    523            *                                        When the SPI3/I2S3 is remapped using this function, the SWJ is configured
    524            *                                        to Full SWJ Enabled (JTAG-DP + SW-DP) but without JTRST.   
    525            *     @arg GPIO_Remap_TIM2ITR1_PTP_SOF : Ethernet PTP output or USB OTG SOF (Start of Frame) connected
    526            *                                        to TIM2 Internal Trigger 1 for calibration (only for Connectivity line devices)
    527            *                                        If the GPIO_Remap_TIM2ITR1_PTP_SOF is enabled the TIM2 ITR1 is connected to 
    528            *                                        Ethernet PTP output. When Reset TIM2 ITR1 is connected to USB OTG SOF output.    
    529            *     @arg GPIO_Remap_PTP_PPS          : Ethernet MAC PPS_PTS output on PB05 (only for Connectivity line devices)
    530            *     @arg GPIO_Remap_TIM15            : TIM15 Alternate Function mapping (only for Value line devices)
    531            *     @arg GPIO_Remap_TIM16            : TIM16 Alternate Function mapping (only for Value line devices)
    532            *     @arg GPIO_Remap_TIM17            : TIM17 Alternate Function mapping (only for Value line devices)
    533            *     @arg GPIO_Remap_CEC              : CEC Alternate Function mapping (only for Value line devices)
    534            *     @arg GPIO_Remap_TIM1_DMA         : TIM1 DMA requests mapping (only for Value line devices)
    535            *     @arg GPIO_Remap_TIM9             : TIM9 Alternate Function mapping (only for XL-density devices)
    536            *     @arg GPIO_Remap_TIM10            : TIM10 Alternate Function mapping (only for XL-density devices)
    537            *     @arg GPIO_Remap_TIM11            : TIM11 Alternate Function mapping (only for XL-density devices)
    538            *     @arg GPIO_Remap_TIM13            : TIM13 Alternate Function mapping (only for High density Value line and XL-density devices)
    539            *     @arg GPIO_Remap_TIM14            : TIM14 Alternate Function mapping (only for High density Value line and XL-density devices)
    540            *     @arg GPIO_Remap_FSMC_NADV        : FSMC_NADV Alternate Function mapping (only for High density Value line and XL-density devices)
    541            *     @arg GPIO_Remap_TIM67_DAC_DMA    : TIM6/TIM7 and DAC DMA requests remapping (only for High density Value line devices)
    542            *     @arg GPIO_Remap_TIM12            : TIM12 Alternate Function mapping (only for High density Value line devices)
    543            *     @arg GPIO_Remap_MISC             : Miscellaneous Remap (DMA2 Channel5 Position and DAC Trigger remapping, 
    544            *                                        only for High density Value line devices)     
    545            * @param  NewState: new state of the port pin remapping.
    546            *   This parameter can be: ENABLE or DISABLE.
    547            * @retval None
    548            */

   \                                 In section .text, align 2, keep-with-next
    549          void GPIO_PinRemapConfig(uint32_t GPIO_Remap, FunctionalState NewState)
    550          {
   \                     GPIO_PinRemapConfig: (+1)
   \   00000000   0xB470             PUSH     {R4-R6}
    551            uint32_t tmp = 0x00, tmp1 = 0x00, tmpreg = 0x00, tmpmask = 0x00;
    552          
    553            /* Check the parameters */
    554            assert_param(IS_GPIO_REMAP(GPIO_Remap));
    555            assert_param(IS_FUNCTIONAL_STATE(NewState));  
    556            
    557            if((GPIO_Remap & 0x80000000) == 0x80000000)
   \   00000002   0x....             LDR.N    R2,??DataTable5_9  ;; 0x40010004
   \   00000004   0x2800             CMP      R0,#+0
   \   00000006   0xBF4C             ITE      MI 
   \   00000008   0x6994             LDRMI    R4,[R2, #+24]
   \   0000000A   0x6814             LDRPL    R4,[R2, #+0]
    558            {
    559              tmpreg = AFIO->MAPR2;
    560            }
    561            else
    562            {
    563              tmpreg = AFIO->MAPR;
    564            }
    565          
    566            tmpmask = (GPIO_Remap & DBGAFR_POSITION_MASK) >> 0x10;
    567            tmp = GPIO_Remap & LSB_MASK;
    568          
    569            if ((GPIO_Remap & (DBGAFR_LOCATION_MASK | DBGAFR_NUMBITS_MASK)) == (DBGAFR_LOCATION_MASK | DBGAFR_NUMBITS_MASK))
   \   0000000C   0xF400 0x1640      AND      R6,R0,#0x300000
   \   00000010   0xF5B6 0x1F40      CMP      R6,#+3145728
   \   00000014   0xF3C0 0x4503      UBFX     R5,R0,#+16,#+4
   \   00000018   0xB283             UXTH     R3,R0
   \   0000001A   0xD106             BNE.N    ??GPIO_PinRemapConfig_0
    570            {
    571              tmpreg &= DBGAFR_SWJCFG_MASK;
    572              AFIO->MAPR &= DBGAFR_SWJCFG_MASK;
   \   0000001C   0x6815             LDR      R5,[R2, #+0]
   \   0000001E   0xF025 0x6570      BIC      R5,R5,#0xF000000
   \   00000022   0xF024 0x6470      BIC      R4,R4,#0xF000000
   \   00000026   0x6015             STR      R5,[R2, #+0]
   \   00000028   0xE00C             B.N      ??GPIO_PinRemapConfig_1
    573            }
    574            else if ((GPIO_Remap & DBGAFR_NUMBITS_MASK) == DBGAFR_NUMBITS_MASK)
   \                     ??GPIO_PinRemapConfig_0: (+1)
   \   0000002A   0x02C6             LSLS     R6,R0,#+11
   \   0000002C   0xD503             BPL.N    ??GPIO_PinRemapConfig_2
    575            {
    576              tmp1 = ((uint32_t)0x03) << tmpmask;
    577              tmpreg &= ~tmp1;
    578              tmpreg |= ~DBGAFR_SWJCFG_MASK;
   \   0000002E   0x2603             MOVS     R6,#+3
   \   00000030   0xFA06 0xF505      LSL      R5,R6,R5
   \   00000034   0xE003             B.N      ??GPIO_PinRemapConfig_3
    579            }
    580            else
    581            {
    582              tmpreg &= ~(tmp << ((GPIO_Remap >> 0x15)*0x10));
    583              tmpreg |= ~DBGAFR_SWJCFG_MASK;
   \                     ??GPIO_PinRemapConfig_2: (+1)
   \   00000036   0x0D45             LSRS     R5,R0,#+21
   \   00000038   0x012D             LSLS     R5,R5,#+4
   \   0000003A   0xFA03 0xF505      LSL      R5,R3,R5
   \                     ??GPIO_PinRemapConfig_3: (+1)
   \   0000003E   0x43AC             BICS     R4,R4,R5
   \   00000040   0xF044 0x6470      ORR      R4,R4,#0xF000000
    584            }
    585          
    586            if (NewState != DISABLE)
   \                     ??GPIO_PinRemapConfig_1: (+1)
   \   00000044   0xB121             CBZ.N    R1,??GPIO_PinRemapConfig_4
    587            {
    588              tmpreg |= (tmp << ((GPIO_Remap >> 0x15)*0x10));
   \   00000046   0x0D41             LSRS     R1,R0,#+21
   \   00000048   0x0109             LSLS     R1,R1,#+4
   \   0000004A   0xFA03 0xF101      LSL      R1,R3,R1
   \   0000004E   0x430C             ORRS     R4,R1,R4
    589            }
    590          
    591            if((GPIO_Remap & 0x80000000) == 0x80000000)
   \                     ??GPIO_PinRemapConfig_4: (+1)
   \   00000050   0x2800             CMP      R0,#+0
   \   00000052   0xBF4C             ITE      MI 
   \   00000054   0x6194             STRMI    R4,[R2, #+24]
   \   00000056   0x6014             STRPL    R4,[R2, #+0]
    592            {
    593              AFIO->MAPR2 = tmpreg;
    594            }
    595            else
    596            {
    597              AFIO->MAPR = tmpreg;
    598            }  
    599          }
   \   00000058   0xBC70             POP      {R4-R6}
   \   0000005A   0x4770             BX       LR               ;; return
    600          
    601          /**
    602            * @brief  Selects the GPIO pin used as EXTI Line.
    603            * @param  GPIO_PortSource: selects the GPIO port to be used as source for EXTI lines.
    604            *   This parameter can be GPIO_PortSourceGPIOx where x can be (A..G).
    605            * @param  GPIO_PinSource: specifies the EXTI line to be configured.
    606            *   This parameter can be GPIO_PinSourcex where x can be (0..15).
    607            * @retval None
    608            */

   \                                 In section .text, align 2, keep-with-next
    609          void GPIO_EXTILineConfig(uint8_t GPIO_PortSource, uint8_t GPIO_PinSource)
    610          {
   \                     GPIO_EXTILineConfig: (+1)
   \   00000000   0xB430             PUSH     {R4,R5}
    611            uint32_t tmp = 0x00;
    612            /* Check the parameters */
    613            assert_param(IS_GPIO_EXTI_PORT_SOURCE(GPIO_PortSource));
    614            assert_param(IS_GPIO_PIN_SOURCE(GPIO_PinSource));
    615            
    616            tmp = ((uint32_t)0x0F) << (0x04 * (GPIO_PinSource & (uint8_t)0x03));
    617            AFIO->EXTICR[GPIO_PinSource >> 0x02] &= ~tmp;
   \   00000002   0x....             LDR.N    R3,??DataTable5_10  ;; 0x40010008
   \   00000004   0xF001 0x0203      AND      R2,R1,#0x3
   \   00000008   0xF021 0x0103      BIC      R1,R1,#0x3
   \   0000000C   0x0092             LSLS     R2,R2,#+2
   \   0000000E   0x58CC             LDR      R4,[R1, R3]
   \   00000010   0x250F             MOVS     R5,#+15
   \   00000012   0x4095             LSLS     R5,R5,R2
   \   00000014   0x43AC             BICS     R4,R4,R5
   \   00000016   0x50CC             STR      R4,[R1, R3]
    618            AFIO->EXTICR[GPIO_PinSource >> 0x02] |= (((uint32_t)GPIO_PortSource) << (0x04 * (GPIO_PinSource & (uint8_t)0x03)));
   \   00000018   0x4090             LSLS     R0,R0,R2
   \   0000001A   0x58CC             LDR      R4,[R1, R3]
   \   0000001C   0x4320             ORRS     R0,R0,R4
   \   0000001E   0x50C8             STR      R0,[R1, R3]
    619          }
   \   00000020   0xBC30             POP      {R4,R5}
   \   00000022   0x4770             BX       LR               ;; return
    620          
    621          /**
    622            * @brief  Selects the Ethernet media interface.
    623            * @note   This function applies only to STM32 Connectivity line devices.  
    624            * @param  GPIO_ETH_MediaInterface: specifies the Media Interface mode.
    625            *   This parameter can be one of the following values:
    626            *     @arg GPIO_ETH_MediaInterface_MII: MII mode
    627            *     @arg GPIO_ETH_MediaInterface_RMII: RMII mode    
    628            * @retval None
    629            */

   \                                 In section .text, align 2, keep-with-next
    630          void GPIO_ETH_MediaInterfaceConfig(uint32_t GPIO_ETH_MediaInterface) 
    631          { 
    632            assert_param(IS_GPIO_ETH_MEDIA_INTERFACE(GPIO_ETH_MediaInterface)); 
    633          
    634            /* Configure MII_RMII selection bit */ 
    635            *(__IO uint32_t *) MAPR_MII_RMII_SEL_BB = GPIO_ETH_MediaInterface; 
   \                     GPIO_ETH_MediaInterfaceConfig: (+1)
   \   00000000   0x....             LDR.N    R1,??DataTable5_11  ;; 0x422000dc
   \   00000002   0x6008             STR      R0,[R1, #+0]
    636          }
   \   00000004   0x4770             BX       LR               ;; return

   \                                 In section .text, align 4, keep-with-next
   \                     ??DataTable5:
   \   00000000   0x40010800         DC32     0x40010800

   \                                 In section .text, align 4, keep-with-next
   \                     ??DataTable5_1:
   \   00000000   0x40010C00         DC32     0x40010c00

   \                                 In section .text, align 4, keep-with-next
   \                     ??DataTable5_2:
   \   00000000   0x40011000         DC32     0x40011000

   \                                 In section .text, align 4, keep-with-next
   \                     ??DataTable5_3:
   \   00000000   0x40011400         DC32     0x40011400

   \                                 In section .text, align 4, keep-with-next
   \                     ??DataTable5_4:
   \   00000000   0x40011800         DC32     0x40011800

   \                                 In section .text, align 4, keep-with-next
   \                     ??DataTable5_5:
   \   00000000   0x40011C00         DC32     0x40011c00

   \                                 In section .text, align 4, keep-with-next
   \                     ??DataTable5_6:
   \   00000000   0x40012000         DC32     0x40012000

   \                                 In section .text, align 4, keep-with-next
   \                     ??DataTable5_7:
   \   00000000   0x40010000         DC32     0x40010000

   \                                 In section .text, align 4, keep-with-next
   \                     ??DataTable5_8:
   \   00000000   0x4220001C         DC32     0x4220001c

   \                                 In section .text, align 4, keep-with-next
   \                     ??DataTable5_9:
   \   00000000   0x40010004         DC32     0x40010004

   \                                 In section .text, align 4, keep-with-next
   \                     ??DataTable5_10:
   \   00000000   0x40010008         DC32     0x40010008

   \                                 In section .text, align 4, keep-with-next
   \                     ??DataTable5_11:
   \   00000000   0x422000DC         DC32     0x422000dc
    637            
    638          /**
    639            * @}
    640            */
    641          
    642          /**
    643            * @}
    644            */
    645          
    646          /**
    647            * @}
    648            */
    649          
    650          /******************* (C) COPYRIGHT 2011 STMicroelectronics *****END OF FILE****/

   Maximum stack usage in bytes:

   .cstack Function
   ------- --------
       8   GPIO_AFIODeInit
         0   -> RCC_APB2PeriphResetCmd
         8   -> RCC_APB2PeriphResetCmd
       8   GPIO_DeInit
         0   -> RCC_APB2PeriphResetCmd
         8   -> RCC_APB2PeriphResetCmd
       0   GPIO_ETH_MediaInterfaceConfig
       8   GPIO_EXTILineConfig
       0   GPIO_EventOutputCmd
       0   GPIO_EventOutputConfig
      24   GPIO_Init
       0   GPIO_PinLockConfig
      12   GPIO_PinRemapConfig
       0   GPIO_ReadInputData
       0   GPIO_ReadInputDataBit
       0   GPIO_ReadOutputData
       0   GPIO_ReadOutputDataBit
       0   GPIO_ResetBits
       0   GPIO_SetBits
       0   GPIO_StructInit
       0   GPIO_Write
       0   GPIO_WriteBit


   Section sizes:

   Bytes  Function/Label
   -----  --------------
       4  ??DataTable5
       4  ??DataTable5_1
       4  ??DataTable5_10
       4  ??DataTable5_11
       4  ??DataTable5_2
       4  ??DataTable5_3
       4  ??DataTable5_4
       4  ??DataTable5_5
       4  ??DataTable5_6
       4  ??DataTable5_7
       4  ??DataTable5_8
       4  ??DataTable5_9
      26  GPIO_AFIODeInit
     160  GPIO_DeInit
       6  GPIO_ETH_MediaInterfaceConfig
      36  GPIO_EXTILineConfig
       6  GPIO_EventOutputCmd
      22  GPIO_EventOutputConfig
     190  GPIO_Init
      16  GPIO_PinLockConfig
      92  GPIO_PinRemapConfig
       6  GPIO_ReadInputData
      14  GPIO_ReadInputDataBit
       6  GPIO_ReadOutputData
      14  GPIO_ReadOutputDataBit
       4  GPIO_ResetBits
       4  GPIO_SetBits
      16  GPIO_StructInit
       4  GPIO_Write
      10  GPIO_WriteBit

 
 680 bytes in section .text
 
 680 bytes of CODE memory

Errors: none
Warnings: none
