###############################################################################
#
# IAR ANSI C/C++ Compiler V7.50.2.10312/W32 for ARM       09/Nov/2016  14:40:01
# Copyright 1999-2015 IAR Systems AB.
#
#    Cpu mode     =  thumb
#    Endian       =  little
#    Source file  =  
#        C:\ilya\vendicont\arm-periphery\library\STM32F10x_StdPeriph_Driver\src\stm32f10x_crc.c
#    Command line =  
#        C:\ilya\vendicont\arm-periphery\library\STM32F10x_StdPeriph_Driver\src\stm32f10x_crc.c
#        -D STM32F10X_HD -D USE_STDPERIPH_DRIVER -D DEBUG=1 -D _FLASH_PROG -lCN
#        C:\ilya\vendicont\arm-periphery\build\iar\Output\Debug\List --remarks
#        -o C:\ilya\vendicont\arm-periphery\build\iar\Output\Debug\Obj --no_cse
#        --no_unroll --no_inline --no_code_motion --no_tbaa --no_clustering
#        --no_scheduling --debug --endian=little --cpu=Cortex-M3 -e --fpu=None
#        --dlib_config "C:\Program Files (x86)\IAR Systems\Embedded Workbench
#        7.3\arm\INC\c\DLib_Config_Normal.h" -I
#        C:\ilya\vendicont\arm-periphery\build\iar\..\..\ -I
#        C:\ilya\vendicont\arm-periphery\build\iar\..\..\Inc\ -I
#        C:\ilya\vendicont\arm-periphery\build\iar\..\..\library\CMSIS\Include\
#        -I
#        C:\ilya\vendicont\arm-periphery\build\iar\..\..\library\STM32F10x_StdPeriph_Driver\inc\
#        -I C:\ilya\vendicont\arm-periphery\build\iar\..\..\rtos\embos\iar\inc\
#        -I
#        C:\ilya\vendicont\arm-periphery\build\iar\..\..\Application\p-types\
#        -On --use_c++_inline --require_prototypes
#    List file    =  
#        C:\ilya\vendicont\arm-periphery\build\iar\Output\Debug\List\stm32f10x_crc.lst
#    Object file  =  
#        C:\ilya\vendicont\arm-periphery\build\iar\Output\Debug\Obj\stm32f10x_crc.o
#
###############################################################################

C:\ilya\vendicont\arm-periphery\library\STM32F10x_StdPeriph_Driver\src\stm32f10x_crc.c
      1          /**
      2            ******************************************************************************
      3            * @file    stm32f10x_crc.c
      4            * @author  MCD Application Team
      5            * @version V3.5.0
      6            * @date    11-March-2011
      7            * @brief   This file provides all the CRC firmware functions.
      8            ******************************************************************************
      9            * @attention
     10            *
     11            * THE PRESENT FIRMWARE WHICH IS FOR GUIDANCE ONLY AIMS AT PROVIDING CUSTOMERS
     12            * WITH CODING INFORMATION REGARDING THEIR PRODUCTS IN ORDER FOR THEM TO SAVE
     13            * TIME. AS A RESULT, STMICROELECTRONICS SHALL NOT BE HELD LIABLE FOR ANY
     14            * DIRECT, INDIRECT OR CONSEQUENTIAL DAMAGES WITH RESPECT TO ANY CLAIMS ARISING
     15            * FROM THE CONTENT OF SUCH FIRMWARE AND/OR THE USE MADE BY CUSTOMERS OF THE
     16            * CODING INFORMATION CONTAINED HEREIN IN CONNECTION WITH THEIR PRODUCTS.
     17            *
     18            * <h2><center>&copy; COPYRIGHT 2011 STMicroelectronics</center></h2>
     19            ******************************************************************************
     20            */
     21          
     22          /* Includes ------------------------------------------------------------------*/
     23          #include "stm32f10x_crc.h"
     24          
     25          /** @addtogroup STM32F10x_StdPeriph_Driver
     26            * @{
     27            */
     28          
     29          /** @defgroup CRC 
     30            * @brief CRC driver modules
     31            * @{
     32            */
     33          
     34          /** @defgroup CRC_Private_TypesDefinitions
     35            * @{
     36            */
     37          
     38          /**
     39            * @}
     40            */
     41          
     42          /** @defgroup CRC_Private_Defines
     43            * @{
     44            */
     45          
     46          /**
     47            * @}
     48            */
     49          
     50          /** @defgroup CRC_Private_Macros
     51            * @{
     52            */
     53          
     54          /**
     55            * @}
     56            */
     57          
     58          /** @defgroup CRC_Private_Variables
     59            * @{
     60            */
     61          
     62          /**
     63            * @}
     64            */
     65          
     66          /** @defgroup CRC_Private_FunctionPrototypes
     67            * @{
     68            */
     69          
     70          /**
     71            * @}
     72            */
     73          
     74          /** @defgroup CRC_Private_Functions
     75            * @{
     76            */
     77          
     78          /**
     79            * @brief  Resets the CRC Data register (DR).
     80            * @param  None
     81            * @retval None
     82            */

   \                                 In section .text, align 2, keep-with-next
     83          void CRC_ResetDR(void)
     84          {
     85            /* Reset CRC generator */
     86            CRC->CR = CRC_CR_RESET;
   \                     CRC_ResetDR: (+1)
   \   00000000   0x2001             MOVS     R0,#+1
   \   00000002   0x....             LDR.N    R1,??DataTable5  ;; 0x40023008
   \   00000004   0x6008             STR      R0,[R1, #+0]
     87          }
   \   00000006   0x4770             BX       LR               ;; return
     88          
     89          /**
     90            * @brief  Computes the 32-bit CRC of a given data word(32-bit).
     91            * @param  Data: data word(32-bit) to compute its CRC
     92            * @retval 32-bit CRC
     93            */

   \                                 In section .text, align 2, keep-with-next
     94          uint32_t CRC_CalcCRC(uint32_t Data)
     95          {
   \                     CRC_CalcCRC: (+1)
   \   00000000   0x0001             MOVS     R1,R0
     96            CRC->DR = Data;
   \   00000002   0x....             LDR.N    R0,??DataTable5_1  ;; 0x40023000
   \   00000004   0x6001             STR      R1,[R0, #+0]
     97            
     98            return (CRC->DR);
   \   00000006   0x....             LDR.N    R0,??DataTable5_1  ;; 0x40023000
   \   00000008   0x6800             LDR      R0,[R0, #+0]
   \   0000000A   0x4770             BX       LR               ;; return
     99          }
    100          
    101          /**
    102            * @brief  Computes the 32-bit CRC of a given buffer of data word(32-bit).
    103            * @param  pBuffer: pointer to the buffer containing the data to be computed
    104            * @param  BufferLength: length of the buffer to be computed					
    105            * @retval 32-bit CRC
    106            */

   \                                 In section .text, align 2, keep-with-next
    107          uint32_t CRC_CalcBlockCRC(uint32_t pBuffer[], uint32_t BufferLength)
    108          {
   \                     CRC_CalcBlockCRC: (+1)
   \   00000000   0xB410             PUSH     {R4}
   \   00000002   0x0002             MOVS     R2,R0
    109            uint32_t index = 0;
   \   00000004   0x2300             MOVS     R3,#+0
    110            
    111            for(index = 0; index < BufferLength; index++)
   \   00000006   0x2000             MOVS     R0,#+0
   \   00000008   0x0003             MOVS     R3,R0
   \                     ??CRC_CalcBlockCRC_0: (+1)
   \   0000000A   0x428B             CMP      R3,R1
   \   0000000C   0xD205             BCS.N    ??CRC_CalcBlockCRC_1
    112            {
    113              CRC->DR = pBuffer[index];
   \   0000000E   0xF852 0x0023      LDR      R0,[R2, R3, LSL #+2]
   \   00000012   0x....             LDR.N    R4,??DataTable5_1  ;; 0x40023000
   \   00000014   0x6020             STR      R0,[R4, #+0]
    114            }
   \   00000016   0x1C5B             ADDS     R3,R3,#+1
   \   00000018   0xE7F7             B.N      ??CRC_CalcBlockCRC_0
    115            return (CRC->DR);
   \                     ??CRC_CalcBlockCRC_1: (+1)
   \   0000001A   0x....             LDR.N    R0,??DataTable5_1  ;; 0x40023000
   \   0000001C   0x6800             LDR      R0,[R0, #+0]
   \   0000001E   0xBC10             POP      {R4}
   \   00000020   0x4770             BX       LR               ;; return
    116          }
    117          
    118          /**
    119            * @brief  Returns the current CRC value.
    120            * @param  None
    121            * @retval 32-bit CRC
    122            */

   \                                 In section .text, align 2, keep-with-next
    123          uint32_t CRC_GetCRC(void)
    124          {
    125            return (CRC->DR);
   \                     CRC_GetCRC: (+1)
   \   00000000   0x....             LDR.N    R0,??DataTable5_1  ;; 0x40023000
   \   00000002   0x6800             LDR      R0,[R0, #+0]
   \   00000004   0x4770             BX       LR               ;; return
    126          }
    127          
    128          /**
    129            * @brief  Stores a 8-bit data in the Independent Data(ID) register.
    130            * @param  IDValue: 8-bit value to be stored in the ID register 					
    131            * @retval None
    132            */

   \                                 In section .text, align 2, keep-with-next
    133          void CRC_SetIDRegister(uint8_t IDValue)
    134          {
    135            CRC->IDR = IDValue;
   \                     CRC_SetIDRegister: (+1)
   \   00000000   0x....             LDR.N    R1,??DataTable5_2  ;; 0x40023004
   \   00000002   0x7008             STRB     R0,[R1, #+0]
    136          }
   \   00000004   0x4770             BX       LR               ;; return
    137          
    138          /**
    139            * @brief  Returns the 8-bit data stored in the Independent Data(ID) register
    140            * @param  None
    141            * @retval 8-bit value of the ID register 
    142            */

   \                                 In section .text, align 2, keep-with-next
    143          uint8_t CRC_GetIDRegister(void)
    144          {
    145            return (CRC->IDR);
   \                     CRC_GetIDRegister: (+1)
   \   00000000   0x....             LDR.N    R0,??DataTable5_2  ;; 0x40023004
   \   00000002   0x7800             LDRB     R0,[R0, #+0]
   \   00000004   0xB2C0             UXTB     R0,R0            ;; ZeroExt  R0,R0,#+24,#+24
   \   00000006   0x4770             BX       LR               ;; return
    146          }

   \                                 In section .text, align 4, keep-with-next
   \                     ??DataTable5:
   \   00000000   0x40023008         DC32     0x40023008

   \                                 In section .text, align 4, keep-with-next
   \                     ??DataTable5_1:
   \   00000000   0x40023000         DC32     0x40023000

   \                                 In section .text, align 4, keep-with-next
   \                     ??DataTable5_2:
   \   00000000   0x40023004         DC32     0x40023004
    147          
    148          /**
    149            * @}
    150            */
    151          
    152          /**
    153            * @}
    154            */
    155          
    156          /**
    157            * @}
    158            */
    159          
    160          /******************* (C) COPYRIGHT 2011 STMicroelectronics *****END OF FILE****/

   Maximum stack usage in bytes:

   .cstack Function
   ------- --------
       4   CRC_CalcBlockCRC
       0   CRC_CalcCRC
       0   CRC_GetCRC
       0   CRC_GetIDRegister
       0   CRC_ResetDR
       0   CRC_SetIDRegister


   Section sizes:

   Bytes  Function/Label
   -----  --------------
       4  ??DataTable5
       4  ??DataTable5_1
       4  ??DataTable5_2
      34  CRC_CalcBlockCRC
      12  CRC_CalcCRC
       6  CRC_GetCRC
       8  CRC_GetIDRegister
       8  CRC_ResetDR
       6  CRC_SetIDRegister

 
 86 bytes in section .text
 
 86 bytes of CODE memory

Errors: none
Warnings: none
