###############################################################################
#
# IAR ANSI C/C++ Compiler V7.50.2.10312/W32 for ARM       09/Nov/2016  14:40:04
# Copyright 1999-2015 IAR Systems AB.
#
#    Cpu mode     =  thumb
#    Endian       =  little
#    Source file  =  
#        C:\ilya\vendicont\arm-periphery\rtos\embos\iar\setup\xmtx2.c
#    Command line =  
#        C:\ilya\vendicont\arm-periphery\rtos\embos\iar\setup\xmtx2.c -D
#        STM32F10X_HD -D USE_STDPERIPH_DRIVER -D DEBUG=1 -D _FLASH_PROG -lCN
#        C:\ilya\vendicont\arm-periphery\build\iar\Output\Debug\List --remarks
#        -o C:\ilya\vendicont\arm-periphery\build\iar\Output\Debug\Obj --no_cse
#        --no_unroll --no_inline --no_code_motion --no_tbaa --no_clustering
#        --no_scheduling --debug --endian=little --cpu=Cortex-M3 -e --fpu=None
#        --dlib_config "C:\Program Files (x86)\IAR Systems\Embedded Workbench
#        7.3\arm\INC\c\DLib_Config_Normal.h" -I
#        C:\ilya\vendicont\arm-periphery\build\iar\..\..\ -I
#        C:\ilya\vendicont\arm-periphery\build\iar\..\..\Inc\ -I
#        C:\ilya\vendicont\arm-periphery\build\iar\..\..\library\CMSIS\Include\
#        -I
#        C:\ilya\vendicont\arm-periphery\build\iar\..\..\library\STM32F10x_StdPeriph_Driver\inc\
#        -I C:\ilya\vendicont\arm-periphery\build\iar\..\..\rtos\embos\iar\inc\
#        -I
#        C:\ilya\vendicont\arm-periphery\build\iar\..\..\Application\p-types\
#        -On --use_c++_inline --require_prototypes
#    List file    =  
#        C:\ilya\vendicont\arm-periphery\build\iar\Output\Debug\List\xmtx2.lst
#    Object file  =  
#        C:\ilya\vendicont\arm-periphery\build\iar\Output\Debug\Obj\xmtx2.o
#
###############################################################################

C:\ilya\vendicont\arm-periphery\rtos\embos\iar\setup\xmtx2.c
      1          /*********************************************************************
      2          *               SEGGER MICROCONTROLLER GmbH & Co KG                  *
      3          *       Solutions for real time microcontroller applications         *
      4          **********************************************************************
      5          *                                                                    *
      6          *       (c) 1995 - 2014  SEGGER Microcontroller GmbH & Co KG         *
      7          *                                                                    *
      8          *       www.segger.com     Support: support@segger.com               *
      9          *                                                                    *
     10          **********************************************************************
     11          *                                                                    *
     12          *       embOS * Real time operating system for microcontrollers      *
     13          *                                                                    *
     14          *                                                                    *
     15          *       Please note:                                                 *
     16          *                                                                    *
     17          *       Knowledge of this file may under no circumstances            *
     18          *       be used to write a similar product or a real-time            *
     19          *       operating system for in-house use.                           *
     20          *                                                                    *
     21          *       Thank you for your fairness !                                *
     22          *                                                                    *
     23          **********************************************************************
     24          *                                                                    *
     25          *       OS version: 4.02a                                            *
     26          *                                                                    *
     27          **********************************************************************
     28          
     29          ----------------------------------------------------------------------
     30          File    : xmtx2.c
     31          Purpose : xmtx file interface -- thread locking and unlocking
     32                    functions for file i/o, adapted to embOS
     33          --------- END-OF-HEADER ----------------------------------------------
     34          */
     35          
     36          #include <yvals.h>
     37          #include "RTOS.h"
     38          
     39          _STD_BEGIN
     40          
     41          #if _MULTI_THREAD
     42          
     43          #if _DLIB_FILE_DESCRIPTOR
     44          
     45          /*********************************************************************
     46          *
     47          *       Global functions
     48          *
     49          **********************************************************************
     50          */
     51          
     52          /*********************************************************************
     53          *
     54          *       __iar_file_Mtxinit()
     55          */
     56          void __iar_file_Mtxinit(__iar_Rmtx *m) {
     57            OS__iar_system_Mtxinit(m);    // Mapped to system mutex
     58          }
     59          
     60          /*********************************************************************
     61          *
     62          *       __iar_file_Mtxdst()
     63          */
     64          void __iar_file_Mtxdst(__iar_Rmtx *m) {
     65            OS__iar_system_Mtxdst(m);     // Mapped to system mutex
     66          }
     67          
     68          /*********************************************************************
     69          *
     70          *       __iar_file_Mtxlock()
     71          */
     72          void __iar_file_Mtxlock(__iar_Rmtx *m) {
     73            OS__iar_system_Mtxlock(m);    // Mapped to system mutex
     74          }
     75          
     76          /*********************************************************************
     77          *
     78          *       __iar_file_Mtxunlock()
     79          */
     80          void __iar_file_Mtxunlock(__iar_Rmtx *m) {
     81            OS__iar_system_Mtxunlock(m);  // Mapped to system mutex
     82          }
     83          #endif /* _DLIB_FILE_DESCRIPTOR */
     84          
     85          #endif /* _MULTI_THREAD */
     86          
     87          _STD_END
     88          
     89          /****** End Of File *************************************************/


 

 


Errors: none
Warnings: none
